#
# A fatal error has been detected by the Java Runtime Environment:
#
#  Internal Error (classFileParser.cpp:3075), pid=1408, tid=4600
#  Error: ShouldNotReachHere()
#
# JRE version: 6.0_16-b01
# Java VM: Java HotSpot(TM) Client VM (14.2-b01 mixed mode windows-x86 )
# If you would like to submit a bug report, please visit:
#   http://java.sun.com/webapps/bugreport/crash.jsp
#

---------------  T H R E A D  ---------------

Current thread (0x003a9400):  JavaThread "Unknown thread" [_thread_in_vm, id=4600, stack(0x00330000,0x00380000)]

Stack: [0x00330000,0x00380000],  sp=0x0037f8f8,  free space=318k
Native frames: (J=compiled Java code, j=interpreted, Vv=VM code, C=native code)
V  [jvm.dll+0x1e66c7]
V  [jvm.dll+0xa0c09]
V  [jvm.dll+0x73792]
V  [jvm.dll+0x74e04]
V  [jvm.dll+0x1b6336]
V  [jvm.dll+0x1b69ce]
V  [jvm.dll+0x1b6d85]
V  [jvm.dll+0x1b6dcb]
V  [jvm.dll+0x1b6ef2]
V  [jvm.dll+0x1b6f6a]
V  [jvm.dll+0x1b701d]
V  [jvm.dll+0x1b7232]
V  [jvm.dll+0x1d6153]
V  [jvm.dll+0x1d658c]
V  [jvm.dll+0xd66f1]
V  [jvm.dll+0x1d05e2]
V  [jvm.dll+0xfedc0]
C  [javaw.exe+0x1657]
C  [javaw.exe+0x1e2c]
C  [javaw.exe+0x833e]
C  [kernel32.dll+0x4ed6c]
C  [ntdll.dll+0x637f5]
C  [ntdll.dll+0x637c8]


---------------  P R O C E S S  ---------------

Java Threads: ( => current thread )

Other Threads:

=>0x003a9400 (exited) JavaThread "Unknown thread" [_thread_in_vm, id=4600, stack(0x00330000,0x00380000)]

VM state:not at safepoint (not fully initialized)

VM Mutex/Monitor currently owned by a thread: None

Dynamic libraries:
0x00400000 - 0x00424000 	D:\j2ee\jdk1.6.0\bin\javaw.exe
0x77670000 - 0x777ac000 	C:\Windows\SYSTEM32\ntdll.dll
0x77230000 - 0x77304000 	C:\Windows\system32\kernel32.dll
0x75a70000 - 0x75abb000 	C:\Windows\system32\KERNELBASE.dll
0x75c50000 - 0x75cf0000 	C:\Windows\system32\ADVAPI32.dll
0x76050000 - 0x760fc000 	C:\Windows\system32\msvcrt.dll
0x75ec0000 - 0x75ed9000 	C:\Windows\SYSTEM32\sechost.dll
0x777b0000 - 0x77851000 	C:\Windows\system32\RPCRT4.dll
0x75df0000 - 0x75eb9000 	C:\Windows\system32\USER32.dll
0x76560000 - 0x765ae000 	C:\Windows\system32\GDI32.dll
0x76040000 - 0x7604a000 	C:\Windows\system32\LPK.dll
0x75cf0000 - 0x75d8d000 	C:\Windows\system32\USP10.dll
0x756f0000 - 0x7573c000 	C:\Windows\system32\apphelp.dll
0x5ff30000 - 0x60148000 	C:\Windows\AppPatch\AcGenral.DLL
0x756d0000 - 0x756eb000 	C:\Windows\system32\SspiCli.dll
0x761d0000 - 0x76227000 	C:\Windows\system32\SHLWAPI.dll
0x74370000 - 0x743b0000 	C:\Windows\system32\UxTheme.dll
0x71f10000 - 0x71f42000 	C:\Windows\system32\WINMM.dll
0x73c80000 - 0x73c8f000 	C:\Windows\system32\samcli.dll
0x75ee0000 - 0x7603c000 	C:\Windows\system32\ole32.dll
0x75ac0000 - 0x75b4f000 	C:\Windows\system32\OLEAUT32.dll
0x6f7f0000 - 0x6f804000 	C:\Windows\system32\MSACM32.dll
0x74b80000 - 0x74b89000 	C:\Windows\system32\VERSION.dll
0x765e0000 - 0x7722a000 	C:\Windows\system32\SHELL32.dll
0x6e750000 - 0x6e753000 	C:\Windows\system32\sfc.dll
0x6e490000 - 0x6e49d000 	C:\Windows\system32\sfc_os.DLL
0x74e20000 - 0x74e37000 	C:\Windows\system32\USERENV.dll
0x757c0000 - 0x757cb000 	C:\Windows\system32\profapi.dll
0x73f20000 - 0x73f33000 	C:\Windows\system32\dwmapi.dll
0x77390000 - 0x7752d000 	C:\Windows\system32\SETUPAPI.dll
0x75840000 - 0x75867000 	C:\Windows\system32\CFGMGR32.dll
0x75870000 - 0x75882000 	C:\Windows\system32\DEVOBJ.dll
0x77530000 - 0x77666000 	C:\Windows\system32\urlmon.dll
0x76230000 - 0x76325000 	C:\Windows\system32\WININET.dll
0x76330000 - 0x7652b000 	C:\Windows\system32\iertutil.dll
0x75950000 - 0x75a6d000 	C:\Windows\system32\CRYPT32.dll
0x75830000 - 0x7583c000 	C:\Windows\system32\MSASN1.dll
0x719d0000 - 0x719e2000 	C:\Windows\system32\MPR.dll
0x765b0000 - 0x765cf000 	C:\Windows\system32\IMM32.DLL
0x76100000 - 0x761cc000 	C:\Windows\system32\MSCTF.dll
0x7c340000 - 0x7c396000 	D:\j2ee\jdk1.6.0\jre\bin\msvcr71.dll
0x6d8b0000 - 0x6db3b000 	D:\j2ee\jdk1.6.0\jre\bin\client\jvm.dll
0x6d860000 - 0x6d86c000 	D:\j2ee\jdk1.6.0\jre\bin\verify.dll
0x6d3e0000 - 0x6d3ff000 	D:\j2ee\jdk1.6.0\jre\bin\java.dll
0x6d340000 - 0x6d348000 	D:\j2ee\jdk1.6.0\jre\bin\hpi.dll
0x75bb0000 - 0x75bb5000 	C:\Windows\system32\PSAPI.DLL
0x6d8a0000 - 0x6d8af000 	D:\j2ee\jdk1.6.0\jre\bin\zip.dll

VM Arguments:
jvm_args: -Dfile.encoding=GBK -Xbootclasspath:D:\Android\sdk下载\adt-bundle-windows-x86-20130522\sdk\platforms\android-17\android.jar 
java_command: com.example.saveinfo.ZipUtil
Launcher Type: SUN_STANDARD

Environment Variables:
JAVA_HOME=D:\j2ee\jdk1.7.0
CLASSPATH=.;D:\j2ee\jdk1.7.0\lib;D:\j2ee\jdk1.7.0\lib\tools.jar
PATH=D:/j2ee/jdk1.7.0/bin/../jre/bin/client;D:/j2ee/jdk1.7.0/bin/../jre/bin;D:/j2ee/jdk1.7.0/bin/../jre/lib/i386;C:\Program Files\AMD APP\bin\x86;C:\Windows\system32;C:\Windows;C:\Windows\System32\Wbem;C:\Windows\System32\WindowsPowerShell\v1.0\;C:\Program Files\ATI Technologies\ATI.ACE\Core-Static;C:\Program Files\Common Files\Ulead Systems\MPEG\;C:\Program Files\Microsoft SQL Server\100\Tools\Binn\;C:\Program Files\Microsoft SQL Server\100\DTS\Binn\;F:\ipv6加速\bin;D:\j2ee\jdk1.7.0\bin;D:\j2ee\jdk1.7.0\jre\bin;G:\科研\科研-手机恶意代码检测\反编译\apk反编译\apk2java\apktool1.4.1;D:\Android\sdk下载\adt-bundle-windows-x86-20130522\sdk\platform-tools;D:\Android\sdk下载\adt-bundle-windows-x86-20130522\sdk\build-tools\android-4.2.2;F:\Python\Python26;D:\Android\sdk下载\adt-bundle-windows-x86-20130522\eclipse;
USERNAME=小翼
OS=Windows_NT
PROCESSOR_IDENTIFIER=x86 Family 6 Model 42 Stepping 7, GenuineIntel



---------------  S Y S T E M  ---------------

OS: Windows 7 Build 7601 Service Pack 1

CPU:total 4 (8 cores per cpu, 2 threads per core) family 6 model 42 stepping 7, cmov, cx8, fxsr, mmx, sse, sse2, sse3, ssse3, sse4.1, sse4.2, ht

Memory: 4k page, physical 2097151k(1060708k free), swap 4194303k(3495296k free)

vm_info: Java HotSpot(TM) Client VM (14.2-b01) for windows-x86 JRE (1.6.0_16-b01), built on Jul 31 2009 11:26:58 by "java_re" with MS VC++ 7.1

time: Thu Mar 06 20:34:43 2014
elapsed time: 0 seconds

